C:\USERS\DENNIS\DOCUMENTS\VISUAL STUDIO 2012\PROJECTS\FINALPROJECT - COLLISION - FINAL\PROJECT3\DEBUG\ANIM.OBJ
C:\USERS\DENNIS\DOCUMENTS\VISUAL STUDIO 2012\PROJECTS\FINALPROJECT - COLLISION - FINAL\PROJECT3\DEBUG\BALL.OBJ
C:\USERS\DENNIS\DOCUMENTS\VISUAL STUDIO 2012\PROJECTS\FINALPROJECT - COLLISION - FINAL\PROJECT3\DEBUG\BALLAUX.OBJ
C:\USERS\DENNIS\DOCUMENTS\VISUAL STUDIO 2012\PROJECTS\FINALPROJECT - COLLISION - FINAL\PROJECT3\DEBUG\BALLMATH.OBJ
C:\USERS\DENNIS\DOCUMENTS\VISUAL STUDIO 2012\PROJECTS\FINALPROJECT - COLLISION - FINAL\PROJECT3\DEBUG\DRAWER.OBJ
C:\USERS\DENNIS\DOCUMENTS\VISUAL STUDIO 2012\PROJECTS\FINALPROJECT - COLLISION - FINAL\PROJECT3\DEBUG\FRAMESAVER.OBJ
C:\USERS\DENNIS\DOCUMENTS\VISUAL STUDIO 2012\PROJECTS\FINALPROJECT - COLLISION - FINAL\PROJECT3\DEBUG\INITSHADER.OBJ
C:\USERS\DENNIS\DOCUMENTS\VISUAL STUDIO 2012\PROJECTS\FINALPROJECT - COLLISION - FINAL\PROJECT3\DEBUG\SHAPES.OBJ
C:\USERS\DENNIS\DOCUMENTS\VISUAL STUDIO 2012\PROJECTS\FINALPROJECT - COLLISION - FINAL\PROJECT3\DEBUG\SPHERE.OBJ
C:\USERS\DENNIS\DOCUMENTS\VISUAL STUDIO 2012\PROJECTS\FINALPROJECT - COLLISION - FINAL\PROJECT3\DEBUG\TGA.OBJ
C:\USERS\DENNIS\DOCUMENTS\VISUAL STUDIO 2012\PROJECTS\FINALPROJECT - COLLISION - FINAL\PROJECT3\DEBUG\TIMER.OBJ
C:\USERS\DENNIS\DOCUMENTS\VISUAL STUDIO 2012\PROJECTS\FINALPROJECT - COLLISION - FINAL\PROJECT3\DEBUG\VC110.PDB
C:\USERS\DENNIS\DOCUMENTS\VISUAL STUDIO 2012\PROJECTS\FINALPROJECT - COLLISION - FINAL\DEBUG\PROJECT3.ILK
C:\USERS\DENNIS\DOCUMENTS\VISUAL STUDIO 2012\PROJECTS\FINALPROJECT - COLLISION - FINAL\DEBUG\PROJECT3.EXE
C:\USERS\DENNIS\DOCUMENTS\VISUAL STUDIO 2012\PROJECTS\FINALPROJECT - COLLISION - FINAL\DEBUG\PROJECT3.PDB
C:\Users\Dennis\Documents\Visual Studio 2012\Projects\FinalProject - Collision - Final\Project3\Debug\anim.obj
C:\Users\Dennis\Documents\Visual Studio 2012\Projects\FinalProject - Collision - Final\Project3\Debug\Ball.obj
C:\Users\Dennis\Documents\Visual Studio 2012\Projects\FinalProject - Collision - Final\Project3\Debug\BallAux.obj
C:\Users\Dennis\Documents\Visual Studio 2012\Projects\FinalProject - Collision - Final\Project3\Debug\BallMath.obj
C:\Users\Dennis\Documents\Visual Studio 2012\Projects\FinalProject - Collision - Final\Project3\Debug\Drawer.obj
C:\Users\Dennis\Documents\Visual Studio 2012\Projects\FinalProject - Collision - Final\Project3\Debug\FrameSaver.obj
C:\Users\Dennis\Documents\Visual Studio 2012\Projects\FinalProject - Collision - Final\Project3\Debug\InitShader.obj
C:\Users\Dennis\Documents\Visual Studio 2012\Projects\FinalProject - Collision - Final\Project3\Debug\Shapes.obj
C:\Users\Dennis\Documents\Visual Studio 2012\Projects\FinalProject - Collision - Final\Project3\Debug\sphere.obj
C:\Users\Dennis\Documents\Visual Studio 2012\Projects\FinalProject - Collision - Final\Project3\Debug\tga.obj
C:\Users\Dennis\Documents\Visual Studio 2012\Projects\FinalProject - Collision - Final\Project3\Debug\Timer.obj
C:\Users\Dennis\Documents\Visual Studio 2012\Projects\FinalProject - Collision - Final\Project3\Debug\cl.command.1.tlog
C:\Users\Dennis\Documents\Visual Studio 2012\Projects\FinalProject - Collision - Final\Project3\Debug\CL.read.1.tlog
C:\Users\Dennis\Documents\Visual Studio 2012\Projects\FinalProject - Collision - Final\Project3\Debug\CL.write.1.tlog
C:\Users\Dennis\Documents\Visual Studio 2012\Projects\FinalProject - Collision - Final\Project3\Debug\link-cvtres.read.1.tlog
C:\Users\Dennis\Documents\Visual Studio 2012\Projects\FinalProject - Collision - Final\Project3\Debug\link-cvtres.write.1.tlog
C:\Users\Dennis\Documents\Visual Studio 2012\Projects\FinalProject - Collision - Final\Project3\Debug\link-rc.read.1.tlog
C:\Users\Dennis\Documents\Visual Studio 2012\Projects\FinalProject - Collision - Final\Project3\Debug\link-rc.write.1.tlog
C:\Users\Dennis\Documents\Visual Studio 2012\Projects\FinalProject - Collision - Final\Project3\Debug\link.303676-cvtres.read.1.tlog
C:\Users\Dennis\Documents\Visual Studio 2012\Projects\FinalProject - Collision - Final\Project3\Debug\link.303676-cvtres.write.1.tlog
C:\Users\Dennis\Documents\Visual Studio 2012\Projects\FinalProject - Collision - Final\Project3\Debug\link.303676-rc.read.1.tlog
C:\Users\Dennis\Documents\Visual Studio 2012\Projects\FinalProject - Collision - Final\Project3\Debug\link.303676-rc.write.1.tlog
C:\Users\Dennis\Documents\Visual Studio 2012\Projects\FinalProject - Collision - Final\Project3\Debug\link.303676.read.1.tlog
C:\Users\Dennis\Documents\Visual Studio 2012\Projects\FinalProject - Collision - Final\Project3\Debug\link.303676.write.1.tlog
C:\Users\Dennis\Documents\Visual Studio 2012\Projects\FinalProject - Collision - Final\Project3\Debug\link.command.1.tlog
C:\Users\Dennis\Documents\Visual Studio 2012\Projects\FinalProject - Collision - Final\Project3\Debug\link.read.1.tlog
C:\Users\Dennis\Documents\Visual Studio 2012\Projects\FinalProject - Collision - Final\Project3\Debug\link.write.1.tlog
C:\Users\Dennis\Documents\Visual Studio 2012\Projects\FinalProject - Collision - Final\Project3\Debug\vc110.idb
C:\Users\Dennis\Documents\Visual Studio 2012\Projects\FinalProject - Collision - Final\Project3\Debug\vc110.pdb
C:\Users\Dennis\Documents\Visual Studio 2012\Projects\FinalProject - Collision - Final\Debug\Project3.pdb
C:\Users\Dennis\Documents\Visual Studio 2012\Projects\FinalProject - Collision - Final\Debug\Project3.exe
C:\Users\Dennis\Documents\Visual Studio 2012\Projects\FinalProject - Collision - Final\Debug\Project3.ilk
